

Processing Rails::InfoController#properties (for 127.0.0.1 at 2009-10-08 22:42:54) [GET]
  [4;36;1mSQL (0.8ms)[0m   [0;1m SELECT name
 FROM sqlite_master
 WHERE type = 'table' AND NOT name = 'sqlite_sequence'
[0m
Completed in 63ms (View: 6, DB: 1) | 200 OK [http://localhost/rails/info/properties]
  [4;36;1mSQL (0.2ms)[0m   [0;1m SELECT name
 FROM sqlite_master
 WHERE type = 'table' AND NOT name = 'sqlite_sequence'
[0m
  [4;35;1mSQL (0.1ms)[0m   [0mselect sqlite_version(*)[0m
  [4;36;1mSQL (4.7ms)[0m   [0;1mCREATE TABLE "schema_migrations" ("version" varchar(255) NOT NULL) [0m
  [4;35;1mSQL (1.7ms)[0m   [0mCREATE UNIQUE INDEX "unique_schema_migrations" ON "schema_migrations" ("version")[0m
  [4;36;1mSQL (0.1ms)[0m   [0;1m SELECT name
 FROM sqlite_master
 WHERE type = 'table' AND NOT name = 'sqlite_sequence'
[0m
  [4;35;1mSQL (0.1ms)[0m   [0m SELECT name
 FROM sqlite_master
 WHERE type = 'table' AND NOT name = 'sqlite_sequence'
[0m
  [4;36;1mSQL (0.1ms)[0m   [0;1mSELECT version FROM schema_migrations[0m
  [4;35;1mSQL (0.1ms)[0m   [0m SELECT name
 FROM sqlite_master
 WHERE type = 'table' AND NOT name = 'sqlite_sequence'
[0m
  [4;36;1mSQL (0.3ms)[0m   [0;1m SELECT name
 FROM sqlite_master
 WHERE type = 'table' AND NOT name = 'sqlite_sequence'
[0m
  [4;35;1mSQL (0.1ms)[0m   [0mSELECT version FROM schema_migrations[0m
Migrating to CreateArticles (20091009035458)
  [4;36;1mSQL (0.1ms)[0m   [0;1mselect sqlite_version(*)[0m
  [4;35;1mSQL (0.4ms)[0m   [0mCREATE TABLE "articles" ("id" INTEGER PRIMARY KEY AUTOINCREMENT NOT NULL, "type" varchar(255), "name" varchar(255), "user_id" integer, "created_at" datetime, "updated_at" datetime) [0m
  [4;36;1mSQL (0.1ms)[0m   [0;1mINSERT INTO schema_migrations (version) VALUES ('20091009035458')[0m
Migrating to CreateUsers (20091009035832)
  [4;35;1mSQL (0.2ms)[0m   [0mCREATE TABLE "users" ("id" INTEGER PRIMARY KEY AUTOINCREMENT NOT NULL, "name" varchar(255), "article_id" integer, "created_at" datetime, "updated_at" datetime) [0m
  [4;36;1mSQL (0.1ms)[0m   [0;1mINSERT INTO schema_migrations (version) VALUES ('20091009035832')[0m
  [4;35;1mSQL (0.2ms)[0m   [0m SELECT name
 FROM sqlite_master
 WHERE type = 'table' AND NOT name = 'sqlite_sequence'
[0m
  [4;36;1mSQL (0.1ms)[0m   [0;1mSELECT version FROM schema_migrations[0m
  [4;35;1mSQL (0.1ms)[0m   [0m SELECT name
 FROM sqlite_master
 WHERE type = 'table' AND NOT name = 'sqlite_sequence'
[0m
  [4;36;1mSQL (0.0ms)[0m   [0;1mPRAGMA index_list("articles")[0m
  [4;35;1mSQL (0.0ms)[0m   [0mPRAGMA index_list("users")[0m
  [4;36;1mSQL (0.0ms)[0m   [0;1mselect sqlite_version(*)[0m
  [4;35;1mSQL (0.1ms)[0m   [0m SELECT name
 FROM sqlite_master
 WHERE type = 'table' AND NOT name = 'sqlite_sequence'
[0m
  [4;36;1mSQL (6.4ms)[0m   [0;1mCREATE TABLE "articles" ("id" INTEGER PRIMARY KEY AUTOINCREMENT NOT NULL, "type" varchar(255), "name" varchar(255), "created_at" datetime, "updated_at" datetime) [0m
  [4;35;1mSQL (0.1ms)[0m   [0m SELECT name
 FROM sqlite_master
 WHERE type = 'table' AND NOT name = 'sqlite_sequence'
[0m
  [4;36;1mSQL (1.6ms)[0m   [0;1mCREATE TABLE "users" ("id" INTEGER PRIMARY KEY AUTOINCREMENT NOT NULL, "name" varchar(255), "created_at" datetime, "updated_at" datetime) [0m
  [4;35;1mSQL (0.2ms)[0m   [0m SELECT name
 FROM sqlite_master
 WHERE type = 'table' AND NOT name = 'sqlite_sequence'
[0m
  [4;36;1mSQL (1.7ms)[0m   [0;1mCREATE TABLE "articles_users" ("article_id" integer, "user_id" integer) [0m
  [4;35;1mSQL (0.2ms)[0m   [0m SELECT name
 FROM sqlite_master
 WHERE type = 'table' AND NOT name = 'sqlite_sequence'
[0m
  [4;36;1mSQL (1.5ms)[0m   [0;1mCREATE TABLE "schema_migrations" ("version" varchar(255) NOT NULL) [0m
  [4;35;1mSQL (1.5ms)[0m   [0mCREATE UNIQUE INDEX "unique_schema_migrations" ON "schema_migrations" ("version")[0m
  [4;36;1mSQL (0.2ms)[0m   [0;1m SELECT name
 FROM sqlite_master
 WHERE type = 'table' AND NOT name = 'sqlite_sequence'
[0m
  [4;35;1mSQL (0.1ms)[0m   [0mSELECT version FROM "schema_migrations"[0m
  [4;36;1mSQL (1.1ms)[0m   [0;1mINSERT INTO "schema_migrations" (version) VALUES ('20091009035832')[0m
  [4;35;1mSQL (1.0ms)[0m   [0mINSERT INTO "schema_migrations" (version) VALUES ('20091009035458')[0m


Processing HomeController#index (for 127.0.0.1 at 2009-10-08 23:10:57) [GET]
Rendering home/index
Completed in 20ms (View: 17, DB: 0) | 200 OK [http://localhost/]


Processing HomeController#index (for 127.0.0.1 at 2009-10-08 23:16:03) [GET]
Rendering home/index
Completed in 20ms (View: 16, DB: 0) | 200 OK [http://localhost/]


Processing HomeController#index (for 127.0.0.1 at 2009-10-08 23:16:04) [GET]
Rendering home/index
Completed in 6ms (View: 2, DB: 0) | 200 OK [http://localhost/]


Processing HomeController#index (for 127.0.0.1 at 2009-10-08 23:16:06) [GET]
Rendering home/index
Completed in 4ms (View: 1, DB: 0) | 200 OK [http://localhost/]


Processing HomeController#index (for 127.0.0.1 at 2009-10-08 23:16:08) [GET]
Rendering home/index
Completed in 5ms (View: 2, DB: 0) | 200 OK [http://localhost/]


Processing HomeController#index (for 127.0.0.1 at 2009-10-08 23:16:09) [GET]
Rendering home/index
Completed in 7ms (View: 1, DB: 0) | 200 OK [http://localhost/]


Processing HomeController#index (for 127.0.0.1 at 2009-10-08 23:16:09) [GET]
Rendering home/index
Completed in 7ms (View: 2, DB: 0) | 200 OK [http://localhost/]


Processing HomeController#index (for 127.0.0.1 at 2009-10-08 23:16:11) [GET]
Rendering home/index
Completed in 5ms (View: 1, DB: 0) | 200 OK [http://localhost/]


Processing HomeController#index (for 127.0.0.1 at 2009-10-08 23:16:11) [GET]
Rendering home/index
Completed in 6ms (View: 1, DB: 0) | 200 OK [http://localhost/]


Processing HomeController#index (for 127.0.0.1 at 2009-10-08 23:16:12) [GET]
Rendering home/index
Completed in 6ms (View: 2, DB: 0) | 200 OK [http://localhost/]


Processing HomeController#index (for 127.0.0.1 at 2009-10-08 23:17:59) [GET]
Completed in 68ms (View: 2, DB: 0) | 200 OK [http://localhost/]


Processing HomeController#index (for 127.0.0.1 at 2009-10-08 23:18:16) [GET]
  [4;36;1mUser Create (1.6ms)[0m   [0;1mINSERT INTO "users" ("name", "created_at", "updated_at") VALUES('ming', '2009-10-09 04:18:16', '2009-10-09 04:18:16')[0m
Completed in 94ms (View: 1, DB: 2) | 200 OK [http://localhost/]


Processing UsersController#index (for 127.0.0.1 at 2009-10-08 23:20:36) [GET]
  [4;35;1mUser Load (1.7ms)[0m   [0mSELECT * FROM "users" [0m
Rendering template within layouts/users
Rendering users/index
Completed in 72ms (View: 55, DB: 2) | 200 OK [http://localhost/users]
  [4;36;1mSQL (0.8ms)[0m   [0;1mselect sqlite_version(*)[0m
  [4;35;1mSQL (2.3ms)[0m   [0m SELECT name
 FROM sqlite_master
 WHERE type = 'table' AND NOT name = 'sqlite_sequence'
[0m
  [4;36;1mSQL (7.2ms)[0m   [0;1mDROP TABLE "articles"[0m
  [4;35;1mSQL (8.1ms)[0m   [0mCREATE TABLE "articles" ("id" INTEGER PRIMARY KEY AUTOINCREMENT NOT NULL, "type" varchar(255), "name" varchar(255), "created_at" datetime, "updated_at" datetime) [0m
  [4;36;1mSQL (1.0ms)[0m   [0;1m SELECT name
 FROM sqlite_master
 WHERE type = 'table' AND NOT name = 'sqlite_sequence'
[0m
  [4;35;1mSQL (5.3ms)[0m   [0mDROP TABLE "users"[0m
  [4;36;1mSQL (20.2ms)[0m   [0;1mCREATE TABLE "users" ("id" INTEGER PRIMARY KEY AUTOINCREMENT NOT NULL, "name" varchar(255), "created_at" datetime, "updated_at" datetime) [0m
  [4;35;1mSQL (0.7ms)[0m   [0m SELECT name
 FROM sqlite_master
 WHERE type = 'table' AND NOT name = 'sqlite_sequence'
[0m
  [4;36;1mSQL (8.7ms)[0m   [0;1mDROP TABLE "articles_users"[0m
  [4;35;1mSQL (8.1ms)[0m   [0mCREATE TABLE "articles_users" ("article_id" integer, "user_id" integer) [0m
  [4;36;1mSQL (0.6ms)[0m   [0;1m SELECT name
 FROM sqlite_master
 WHERE type = 'table' AND NOT name = 'sqlite_sequence'
[0m
  [4;35;1mSQL (0.5ms)[0m   [0mSELECT version FROM "schema_migrations"[0m


Processing UsersController#new (for 127.0.0.1 at 2009-10-09 00:05:00) [GET]
Rendering template within layouts/users
Rendering users/new
Completed in 38ms (View: 21, DB: 0) | 200 OK [http://localhost/users/new]


Processing UsersController#create (for 127.0.0.1 at 2009-10-09 00:05:01) [POST]
  Parameters: {"commit"=>"Create", "authenticity_token"=>"/jxXMiWC0OqMEx9STpz6Ltaaba25bq58rShCFdvUotA="}
  [4;36;1mUser Create (1.6ms)[0m   [0;1mINSERT INTO "users" ("name", "created_at", "updated_at") VALUES(NULL, '2009-10-09 05:05:01', '2009-10-09 05:05:01')[0m
Redirected to http://localhost:3000/users/1
Completed in 34ms (DB: 2) | 302 Found [http://localhost/users]


Processing UsersController#show (for 127.0.0.1 at 2009-10-09 00:05:01) [GET]
  Parameters: {"id"=>"1"}
  [4;35;1mUser Load (0.7ms)[0m   [0mSELECT * FROM "users" WHERE ("users"."id" = 1) [0m
Rendering template within layouts/users
Rendering users/show
Completed in 32ms (View: 15, DB: 1) | 200 OK [http://localhost/users/1]


Processing UsersController#index (for 127.0.0.1 at 2009-10-09 00:05:42) [GET]
  [4;36;1mUser Load (1.0ms)[0m   [0;1mSELECT * FROM "users" [0m
Rendering template within layouts/users
Rendering users/index
Completed in 38ms (View: 25, DB: 1) | 200 OK [http://localhost/users]


Processing UsersController#index (for 127.0.0.1 at 2009-10-09 00:05:44) [GET]
  [4;35;1mUser Load (1.0ms)[0m   [0mSELECT * FROM "users" [0m
Rendering template within layouts/users
Rendering users/index
Completed in 29ms (View: 15, DB: 1) | 200 OK [http://localhost/users]


Processing UsersController#new (for 127.0.0.1 at 2009-10-09 00:05:45) [GET]
Rendering template within layouts/users
Rendering users/new
Completed in 35ms (View: 21, DB: 0) | 200 OK [http://localhost/users/new]


Processing UsersController#create (for 127.0.0.1 at 2009-10-09 00:05:48) [POST]
  Parameters: {"commit"=>"Create", "authenticity_token"=>"/jxXMiWC0OqMEx9STpz6Ltaaba25bq58rShCFdvUotA=", "user"=>{"name"=>"Ming"}}
  [4;36;1mUser Create (0.6ms)[0m   [0;1mINSERT INTO "users" ("name", "created_at", "updated_at") VALUES('Ming', '2009-10-09 05:05:48', '2009-10-09 05:05:48')[0m
Redirected to http://localhost:3000/users/2
Completed in 134ms (DB: 1) | 302 Found [http://localhost/users]


Processing UsersController#show (for 127.0.0.1 at 2009-10-09 00:05:48) [GET]
  Parameters: {"id"=>"2"}
  [4;35;1mUser Load (0.3ms)[0m   [0mSELECT * FROM "users" WHERE ("users"."id" = 2) [0m
Rendering template within layouts/users
Rendering users/show
Completed in 33ms (View: 15, DB: 0) | 200 OK [http://localhost/users/2]


Processing ArticlesController#index (for 127.0.0.1 at 2009-10-09 00:08:06) [GET]
  [4;36;1mArticle Load (0.9ms)[0m   [0;1mSELECT * FROM "articles" [0m
Rendering template within layouts/articles
Rendering articles/index
Completed in 44ms (View: 30, DB: 1) | 200 OK [http://localhost/articles]


Processing ArticlesController#new (for 127.0.0.1 at 2009-10-09 00:08:08) [GET]
Rendering template within layouts/articles
Rendering articles/new
Completed in 43ms (View: 29, DB: 0) | 200 OK [http://localhost/articles/new]


Processing ArticlesController#create (for 127.0.0.1 at 2009-10-09 00:08:24) [POST]
  Parameters: {"article"=>{"name"=>"Puffy", "type"=>"Shirt", "user"=>"1"}, "commit"=>"Create", "authenticity_token"=>"/jxXMiWC0OqMEx9STpz6Ltaaba25bq58rShCFdvUotA="}
WARNING: Can't mass-assign these protected attributes: type

ActiveRecord::AssociationTypeMismatch (User(#-607285768) expected, got String(#-604997118)):
  app/controllers/articles_controller.rb:43:in `new'
  app/controllers/articles_controller.rb:43:in `create'

Rendered rescues/_trace (199.5ms)
Rendered rescues/_request_and_response (3.4ms)
Rendering rescues/layout (internal_server_error)


Processing ArticlesController#index (for 127.0.0.1 at 2009-10-09 00:09:09) [GET]
  [4;35;1mArticle Load (0.9ms)[0m   [0mSELECT * FROM "articles" [0m
Rendering template within layouts/articles
Rendering articles/index
Completed in 27ms (View: 13, DB: 1) | 200 OK [http://localhost/articles]


Processing ArticlesController#new (for 127.0.0.1 at 2009-10-09 00:09:11) [GET]
Rendering template within layouts/articles
Rendering articles/new
Completed in 36ms (View: 22, DB: 0) | 200 OK [http://localhost/articles/new]


Processing ArticlesController#create (for 127.0.0.1 at 2009-10-09 00:09:16) [POST]
  Parameters: {"article"=>{"name"=>"Puffy", "type"=>"Shirt"}, "commit"=>"Create", "authenticity_token"=>"/jxXMiWC0OqMEx9STpz6Ltaaba25bq58rShCFdvUotA="}
WARNING: Can't mass-assign these protected attributes: type
  [4;36;1mArticle Create (0.6ms)[0m   [0;1mINSERT INTO "articles" ("name", "created_at", "updated_at", "type") VALUES('Puffy', '2009-10-09 05:09:16', '2009-10-09 05:09:16', NULL)[0m
Redirected to http://localhost:3000/articles/1
Completed in 130ms (DB: 1) | 302 Found [http://localhost/articles]


Processing ArticlesController#show (for 127.0.0.1 at 2009-10-09 00:09:16) [GET]
  Parameters: {"id"=>"1"}
  [4;35;1mArticle Load (0.6ms)[0m   [0mSELECT * FROM "articles" WHERE ("articles"."id" = 1) [0m
Rendering template within layouts/articles
Rendering articles/show
Completed in 34ms (View: 17, DB: 1) | 200 OK [http://localhost/articles/1]


Processing ArticlesController#index (for 127.0.0.1 at 2009-10-09 00:09:18) [GET]
  [4;36;1mArticle Load (1.3ms)[0m   [0;1mSELECT * FROM "articles" [0m
Rendering template within layouts/articles
Rendering articles/index
Completed in 32ms (View: 19, DB: 1) | 200 OK [http://localhost/articles]


Processing UsersController#index (for 127.0.0.1 at 2009-10-09 00:09:36) [GET]
  [4;35;1mUser Load (2.3ms)[0m   [0mSELECT * FROM "users" [0m
Rendering template within layouts/users
Rendering users/index
Completed in 40ms (View: 25, DB: 2) | 200 OK [http://localhost/users]


Processing UsersController#destroy (for 127.0.0.1 at 2009-10-09 00:09:39) [DELETE]
  Parameters: {"authenticity_token"=>"/jxXMiWC0OqMEx9STpz6Ltaaba25bq58rShCFdvUotA=", "id"=>"1"}
  [4;36;1mUser Load (0.8ms)[0m   [0;1mSELECT * FROM "users" WHERE ("users"."id" = 1) [0m
  [4;35;1mArticle Load (0.5ms)[0m   [0mSELECT * FROM "articles" INNER JOIN "articles_users" ON "articles".id = "articles_users".article_id WHERE ("articles_users".user_id = 1 ) [0m
  [4;36;1mUser Destroy (0.8ms)[0m   [0;1mDELETE FROM "users" WHERE "id" = 1[0m
Redirected to http://localhost:3000/users
Completed in 58ms (DB: 2) | 302 Found [http://localhost/users/1]


Processing UsersController#index (for 127.0.0.1 at 2009-10-09 00:09:39) [GET]
  [4;35;1mUser Load (1.0ms)[0m   [0mSELECT * FROM "users" [0m
Rendering template within layouts/users
Rendering users/index
Completed in 31ms (View: 17, DB: 1) | 200 OK [http://localhost/users]


Processing UsersController#show (for 127.0.0.1 at 2009-10-09 00:09:41) [GET]
  Parameters: {"id"=>"2"}
  [4;36;1mUser Load (0.2ms)[0m   [0;1mSELECT * FROM "users" WHERE ("users"."id" = 2) [0m
Rendering template within layouts/users
Rendering users/show
Completed in 115ms (View: 100, DB: 0) | 200 OK [http://localhost/users/2]


Processing CollectionsController#index (for 127.0.0.1 at 2009-10-09 00:14:40) [GET]

ActionView::MissingTemplate (Missing template collections/index.erb in view path app/views):
  

Rendering rescues/layout (internal_server_error)


Processing CollectionsController#index (for 127.0.0.1 at 2009-10-09 00:15:19) [GET]
Rendering collections/index
Completed in 15ms (View: 10, DB: 0) | 200 OK [http://localhost/product]


Processing CollectionsController#index (for 127.0.0.1 at 2009-10-09 00:16:09) [GET]
Rendering collections/index
Completed in 16ms (View: 11, DB: 0) | 200 OK [http://localhost/product]


Processing CollectionsController#index (for 127.0.0.1 at 2009-10-09 00:25:49) [GET]
  Parameters: {"article"=>"1", "user"=>"2"}
  [4;35;1mUser Load (0.4ms)[0m   [0mSELECT * FROM "users" WHERE ("users"."id" = 2) [0m
  [4;36;1mArticle Load (0.3ms)[0m   [0;1mSELECT * FROM "articles" WHERE ("articles"."id" = 1) [0m
Rendering collections/index
Completed in 12ms (View: 1, DB: 1) | 200 OK [http://localhost/product?user=2;article=1]


Processing CollectionsController#index (for 127.0.0.1 at 2009-10-09 00:26:33) [GET]
  Parameters: {"article"=>"1", "user"=>"2"}

ActiveRecord::RecordNotFound (Couldn't find User without an ID):
  app/controllers/collections_controller.rb:5:in `index'

Rendered rescues/_trace (189.6ms)
Rendered rescues/_request_and_response (0.9ms)
Rendering rescues/layout (not_found)


Processing CollectionsController#index (for 127.0.0.1 at 2009-10-09 00:26:56) [GET]
  Parameters: {"article"=>"1", "user"=>"2"}
  [4;35;1mUser Load (0.5ms)[0m   [0mSELECT * FROM "users" WHERE ("users"."id" = 2) [0m
  [4;36;1mArticle Load (0.3ms)[0m   [0;1mSELECT * FROM "articles" WHERE ("articles"."id" = 1) [0m
Rendering collections/index
Completed in 16ms (View: 5, DB: 1) | 200 OK [http://localhost/product?user=2;article=1]


Processing CollectionsController#index (for 127.0.0.1 at 2009-10-09 00:29:26) [GET]
  Parameters: {"article"=>"1", "user"=>"2"}
  [4;35;1mUser Load (0.8ms)[0m   [0mSELECT * FROM "users" WHERE ("users"."id" = 2) [0m
  [4;36;1mArticle Load (0.6ms)[0m   [0;1mSELECT * FROM "articles" WHERE ("articles"."id" = 1) [0m

NoMethodError (undefined method `articles' for #<User:0xb73fe230>):
  app/controllers/collections_controller.rb:9:in `index'

Rendered rescues/_trace (74.7ms)
Rendered rescues/_request_and_response (0.7ms)
Rendering rescues/layout (internal_server_error)


Processing CollectionsController#index (for 127.0.0.1 at 2009-10-09 00:30:13) [GET]
  Parameters: {"article"=>"1", "user"=>"2"}
  [4;35;1mUser Load (0.9ms)[0m   [0mSELECT * FROM "users" WHERE ("users"."id" = 2) [0m
  [4;36;1mArticle Load (0.6ms)[0m   [0;1mSELECT * FROM "articles" WHERE ("articles"."id" = 1) [0m

NoMethodError (You have a nil object when you didn't expect it!
The error occurred while evaluating nil.users):
  app/controllers/collections_controller.rb:10:in `index'

Rendered rescues/_trace (86.6ms)
Rendered rescues/_request_and_response (1.1ms)
Rendering rescues/layout (internal_server_error)


Processing CollectionsController#index (for 127.0.0.1 at 2009-10-09 00:30:45) [GET]
  Parameters: {"article"=>"1", "user"=>"2"}
  [4;35;1mUser Load (0.7ms)[0m   [0mSELECT * FROM "users" WHERE ("users"."id" = 2) [0m
  [4;36;1mArticle Load (0.6ms)[0m   [0;1mSELECT * FROM "articles" WHERE ("articles"."id" = 1) [0m
Rendering collections/index
Completed in 30ms (View: 3, DB: 1) | 200 OK [http://localhost/product?user=2;article=1]
  [4;36;1mUser Load (0.5ms)[0m   [0;1mSELECT * FROM "users" [0m
  [4;35;1mUser Load (0.3ms)[0m   [0mSELECT * FROM "users" [0m
  [4;36;1mUser Load (0.6ms)[0m   [0;1mSELECT * FROM "users" [0m
  [4;35;1mArticle Load (0.5ms)[0m   [0mSELECT * FROM "articles" INNER JOIN "articles_users" ON "articles".id = "articles_users".article_id WHERE ("articles_users".user_id = 2 ) [0m
  [4;36;1mArticle Load (0.7ms)[0m   [0;1mSELECT * FROM "articles" [0m
  [4;35;1mSQL (0.9ms)[0m   [0mINSERT INTO "articles_users" ("user_id", "article_id") VALUES (2, 1)[0m


Processing ArticlesController#index (for 127.0.0.1 at 2009-10-09 00:49:27) [GET]
  [4;35;1mArticle Load (1.3ms)[0m   [0mSELECT * FROM "articles" [0m
Rendering template within layouts/articles
Rendering articles/index
Completed in 32ms (View: 17, DB: 1) | 200 OK [http://localhost/articles]


Processing ArticlesController#new (for 127.0.0.1 at 2009-10-09 00:49:29) [GET]
Rendering template within layouts/articles
Rendering articles/new
Completed in 28ms (View: 13, DB: 0) | 200 OK [http://localhost/articles/new]


Processing ArticlesController#create (for 127.0.0.1 at 2009-10-09 00:49:40) [POST]
  Parameters: {"article"=>{"name"=>"Jeans", "type"=>"Pants"}, "commit"=>"Create", "authenticity_token"=>"/jxXMiWC0OqMEx9STpz6Ltaaba25bq58rShCFdvUotA="}
WARNING: Can't mass-assign these protected attributes: type
  [4;36;1mArticle Create (0.6ms)[0m   [0;1mINSERT INTO "articles" ("name", "created_at", "updated_at", "type") VALUES('Jeans', '2009-10-09 05:49:40', '2009-10-09 05:49:40', NULL)[0m
Redirected to http://localhost:3000/articles/2
Completed in 38ms (DB: 1) | 302 Found [http://localhost/articles]


Processing ArticlesController#show (for 127.0.0.1 at 2009-10-09 00:49:40) [GET]
  Parameters: {"id"=>"2"}
  [4;35;1mArticle Load (0.6ms)[0m   [0mSELECT * FROM "articles" WHERE ("articles"."id" = 2) [0m
Rendering template within layouts/articles
Rendering articles/show
Completed in 126ms (View: 8, DB: 1) | 200 OK [http://localhost/articles/2]


Processing ArticlesController#index (for 127.0.0.1 at 2009-10-09 00:49:41) [GET]
  [4;36;1mArticle Load (1.8ms)[0m   [0;1mSELECT * FROM "articles" [0m
Rendering template within layouts/articles
Rendering articles/index
Completed in 46ms (View: 31, DB: 2) | 200 OK [http://localhost/articles]


Processing ArticlesController#edit (for 127.0.0.1 at 2009-10-09 00:49:45) [GET]
  Parameters: {"id"=>"2"}
  [4;35;1mArticle Load (0.0ms)[0m   [0mSELECT * FROM "articles" WHERE ("articles"."id" = 2) [0m
Rendering template within layouts/articles
Rendering articles/edit
Completed in 18ms (View: 10, DB: 0) | 200 OK [http://localhost/articles/2/edit]


Processing ArticlesController#update (for 127.0.0.1 at 2009-10-09 00:49:49) [PUT]
  Parameters: {"article"=>{"name"=>"Jeans", "type"=>"Pants"}, "commit"=>"Update", "authenticity_token"=>"/jxXMiWC0OqMEx9STpz6Ltaaba25bq58rShCFdvUotA=", "id"=>"2"}
  [4;36;1mArticle Load (1.0ms)[0m   [0;1mSELECT * FROM "articles" WHERE ("articles"."id" = 2) [0m
WARNING: Can't mass-assign these protected attributes: type
Redirected to http://localhost:3000/articles/2
Completed in 23ms (DB: 1) | 302 Found [http://localhost/articles/2]


Processing ArticlesController#show (for 127.0.0.1 at 2009-10-09 00:49:49) [GET]
  Parameters: {"id"=>"2"}
  [4;35;1mArticle Load (0.2ms)[0m   [0mSELECT * FROM "articles" WHERE ("articles"."id" = 2) [0m
Rendering template within layouts/articles
Rendering articles/show
Completed in 22ms (View: 6, DB: 0) | 200 OK [http://localhost/articles/2]


Processing ArticlesController#index (for 127.0.0.1 at 2009-10-09 00:49:50) [GET]
  [4;36;1mArticle Load (1.3ms)[0m   [0;1mSELECT * FROM "articles" [0m
Rendering template within layouts/articles
Rendering articles/index
Completed in 40ms (View: 26, DB: 1) | 200 OK [http://localhost/articles]


Processing ArticlesController#index (for 127.0.0.1 at 2009-10-09 00:50:49) [GET]
  [4;35;1mArticle Load (1.4ms)[0m   [0mSELECT * FROM "articles" [0m
Rendering template within layouts/articles
Rendering articles/index
Completed in 45ms (View: 30, DB: 1) | 200 OK [http://localhost/articles]


Processing ArticlesController#new (for 127.0.0.1 at 2009-10-09 00:50:50) [GET]
Rendering template within layouts/articles
Rendering articles/new
Completed in 30ms (View: 16, DB: 0) | 200 OK [http://localhost/articles/new]


Processing ArticlesController#create (for 127.0.0.1 at 2009-10-09 00:50:52) [POST]
  Parameters: {"article"=>{"name"=>"asdf", "type"=>"sdf"}, "commit"=>"Create", "authenticity_token"=>"/jxXMiWC0OqMEx9STpz6Ltaaba25bq58rShCFdvUotA="}
WARNING: Can't mass-assign these protected attributes: type
  [4;36;1mArticle Create (0.6ms)[0m   [0;1mINSERT INTO "articles" ("name", "created_at", "updated_at", "type") VALUES('asdf', '2009-10-09 05:50:52', '2009-10-09 05:50:52', NULL)[0m
Redirected to http://localhost:3000/articles/3
Completed in 30ms (DB: 1) | 302 Found [http://localhost/articles]


Processing ArticlesController#show (for 127.0.0.1 at 2009-10-09 00:50:52) [GET]
  Parameters: {"id"=>"3"}
  [4;35;1mArticle Load (0.7ms)[0m   [0mSELECT * FROM "articles" WHERE ("articles"."id" = 3) [0m
Rendering template within layouts/articles
Rendering articles/show
Completed in 22ms (View: 7, DB: 1) | 200 OK [http://localhost/articles/3]


Processing ArticlesController#index (for 127.0.0.1 at 2009-10-09 00:50:55) [GET]
  [4;36;1mArticle Load (2.4ms)[0m   [0;1mSELECT * FROM "articles" [0m
Rendering template within layouts/articles
Rendering articles/index
Completed in 140ms (View: 125, DB: 2) | 200 OK [http://localhost/articles]


Processing ArticlesController#edit (for 127.0.0.1 at 2009-10-09 00:50:59) [GET]
  Parameters: {"id"=>"3"}
  [4;35;1mArticle Load (0.9ms)[0m   [0mSELECT * FROM "articles" WHERE ("articles"."id" = 3) [0m
Rendering template within layouts/articles
Rendering articles/edit
Completed in 32ms (View: 15, DB: 1) | 200 OK [http://localhost/articles/3/edit]


Processing ArticlesController#index (for 127.0.0.1 at 2009-10-09 00:51:01) [GET]
  [4;36;1mArticle Load (1.6ms)[0m   [0;1mSELECT * FROM "articles" [0m
Rendering template within layouts/articles
Rendering articles/index
Completed in 52ms (View: 37, DB: 2) | 200 OK [http://localhost/articles]


Processing ArticlesController#show (for 127.0.0.1 at 2009-10-09 00:51:02) [GET]
  Parameters: {"id"=>"1"}
  [4;35;1mArticle Load (0.6ms)[0m   [0mSELECT * FROM "articles" WHERE ("articles"."id" = 1) [0m
Rendering template within layouts/articles
Rendering articles/show
Completed in 24ms (View: 6, DB: 1) | 200 OK [http://localhost/articles/1]


Processing ArticlesController#show (for 127.0.0.1 at 2009-10-09 00:51:05) [GET]
  Parameters: {"id"=>"2"}
  [4;36;1mArticle Load (0.6ms)[0m   [0;1mSELECT * FROM "articles" WHERE ("articles"."id" = 2) [0m
Rendering template within layouts/articles
Rendering articles/show
Completed in 25ms (View: 9, DB: 1) | 200 OK [http://localhost/articles/2]


Processing ArticlesController#show (for 127.0.0.1 at 2009-10-09 00:51:09) [GET]
  Parameters: {"id"=>"3"}
  [4;35;1mArticle Load (0.1ms)[0m   [0mSELECT * FROM "articles" WHERE ("articles"."id" = 3) [0m
Rendering template within layouts/articles
Rendering articles/show
Completed in 22ms (View: 6, DB: 0) | 200 OK [http://localhost/articles/3]
  [4;36;1mArticle Load (1.7ms)[0m   [0;1mSELECT * FROM "articles" [0m
  [4;35;1mArticle Load (0.9ms)[0m   [0mSELECT * FROM "articles" [0m
  [4;36;1mArticle Load (0.9ms)[0m   [0;1mSELECT * FROM "articles" [0m
  [4;36;1mSQL (0.5ms)[0m   [0;1mselect sqlite_version(*)[0m
  [4;35;1mSQL (0.5ms)[0m   [0m SELECT name
 FROM sqlite_master
 WHERE type = 'table' AND NOT name = 'sqlite_sequence'
[0m
  [4;36;1mSQL (6.5ms)[0m   [0;1mCREATE TABLE "articles" ("id" INTEGER PRIMARY KEY AUTOINCREMENT NOT NULL, "garment" varchar(255), "name" varchar(255), "created_at" datetime, "updated_at" datetime) [0m
  [4;35;1mSQL (0.4ms)[0m   [0m SELECT name
 FROM sqlite_master
 WHERE type = 'table' AND NOT name = 'sqlite_sequence'
[0m
  [4;36;1mSQL (5.0ms)[0m   [0;1mCREATE TABLE "users" ("id" INTEGER PRIMARY KEY AUTOINCREMENT NOT NULL, "name" varchar(255), "created_at" datetime, "updated_at" datetime) [0m
  [4;35;1mSQL (0.5ms)[0m   [0m SELECT name
 FROM sqlite_master
 WHERE type = 'table' AND NOT name = 'sqlite_sequence'
[0m
  [4;36;1mSQL (6.0ms)[0m   [0;1mCREATE TABLE "articles_users" ("article_id" integer, "user_id" integer) [0m
  [4;35;1mSQL (0.7ms)[0m   [0m SELECT name
 FROM sqlite_master
 WHERE type = 'table' AND NOT name = 'sqlite_sequence'
[0m
  [4;36;1mSQL (4.4ms)[0m   [0;1mCREATE TABLE "schema_migrations" ("version" varchar(255) NOT NULL) [0m
  [4;35;1mSQL (14.0ms)[0m   [0mCREATE UNIQUE INDEX "unique_schema_migrations" ON "schema_migrations" ("version")[0m
  [4;36;1mSQL (0.6ms)[0m   [0;1m SELECT name
 FROM sqlite_master
 WHERE type = 'table' AND NOT name = 'sqlite_sequence'
[0m
  [4;35;1mSQL (0.3ms)[0m   [0mSELECT version FROM "schema_migrations"[0m
  [4;36;1mSQL (4.7ms)[0m   [0;1mINSERT INTO "schema_migrations" (version) VALUES ('20091009035832')[0m
  [4;35;1mSQL (4.0ms)[0m   [0mINSERT INTO "schema_migrations" (version) VALUES ('20091009035458')[0m


Processing ArticlesController#index (for 127.0.0.1 at 2009-10-09 00:53:12) [GET]
  [4;36;1mArticle Load (0.9ms)[0m   [0;1mSELECT * FROM "articles" [0m
Rendering template within layouts/articles
Rendering articles/index
Completed in 27ms (View: 14, DB: 1) | 200 OK [http://localhost/articles]


Processing ArticlesController#new (for 127.0.0.1 at 2009-10-09 00:53:13) [GET]
Rendering template within layouts/articles
Rendering articles/new
Completed in 37ms (View: 22, DB: 0) | 200 OK [http://localhost/articles/new]


Processing ArticlesController#create (for 127.0.0.1 at 2009-10-09 00:53:19) [POST]
  Parameters: {"article"=>{"name"=>"Puffy", "garment"=>"Shirt"}, "commit"=>"Create", "authenticity_token"=>"/jxXMiWC0OqMEx9STpz6Ltaaba25bq58rShCFdvUotA="}
  [4;35;1mArticle Create (1.0ms)[0m   [0mINSERT INTO "articles" ("name", "created_at", "updated_at", "garment") VALUES('Puffy', '2009-10-09 05:53:19', '2009-10-09 05:53:19', 'Shirt')[0m
Redirected to http://localhost:3000/articles/1
Completed in 35ms (DB: 1) | 302 Found [http://localhost/articles]


Processing ArticlesController#show (for 127.0.0.1 at 2009-10-09 00:53:19) [GET]
  Parameters: {"id"=>"1"}
  [4;36;1mArticle Load (1.4ms)[0m   [0;1mSELECT * FROM "articles" WHERE ("articles"."id" = 1) [0m
Rendering template within layouts/articles
Rendering articles/show
Completed in 32ms (View: 16, DB: 1) | 200 OK [http://localhost/articles/1]


Processing ArticlesController#index (for 127.0.0.1 at 2009-10-09 00:53:21) [GET]
  [4;35;1mArticle Load (0.5ms)[0m   [0mSELECT * FROM "articles" [0m
Rendering template within layouts/articles
Rendering articles/index
Completed in 29ms (View: 17, DB: 1) | 200 OK [http://localhost/articles]


Processing ArticlesController#new (for 127.0.0.1 at 2009-10-09 00:53:24) [GET]
Rendering template within layouts/articles
Rendering articles/new
Completed in 30ms (View: 13, DB: 0) | 200 OK [http://localhost/articles/new]


Processing ArticlesController#create (for 127.0.0.1 at 2009-10-09 00:53:31) [POST]
  Parameters: {"article"=>{"name"=>"Jeans", "garment"=>"Pants"}, "commit"=>"Create", "authenticity_token"=>"/jxXMiWC0OqMEx9STpz6Ltaaba25bq58rShCFdvUotA="}
  [4;36;1mArticle Create (0.5ms)[0m   [0;1mINSERT INTO "articles" ("name", "created_at", "updated_at", "garment") VALUES('Jeans', '2009-10-09 05:53:31', '2009-10-09 05:53:31', 'Pants')[0m
Redirected to http://localhost:3000/articles/2
Completed in 33ms (DB: 1) | 302 Found [http://localhost/articles]


Processing ArticlesController#show (for 127.0.0.1 at 2009-10-09 00:53:31) [GET]
  Parameters: {"id"=>"2"}
  [4;35;1mArticle Load (0.7ms)[0m   [0mSELECT * FROM "articles" WHERE ("articles"."id" = 2) [0m
Rendering template within layouts/articles
Rendering articles/show
Completed in 23ms (View: 6, DB: 1) | 200 OK [http://localhost/articles/2]


Processing ArticlesController#index (for 127.0.0.1 at 2009-10-09 00:53:32) [GET]
  [4;36;1mArticle Load (1.4ms)[0m   [0;1mSELECT * FROM "articles" [0m
Rendering template within layouts/articles
Rendering articles/index
Completed in 42ms (View: 28, DB: 1) | 200 OK [http://localhost/articles]


Processing UsersController#index (for 127.0.0.1 at 2009-10-09 00:53:36) [GET]
  [4;35;1mUser Load (0.9ms)[0m   [0mSELECT * FROM "users" [0m
Rendering template within layouts/users
Rendering users/index
Completed in 17ms (View: 4, DB: 1) | 200 OK [http://localhost/users]


Processing UsersController#new (for 127.0.0.1 at 2009-10-09 00:53:37) [GET]
Rendering template within layouts/users
Rendering users/new
Completed in 27ms (View: 10, DB: 0) | 200 OK [http://localhost/users/new]


Processing UsersController#create (for 127.0.0.1 at 2009-10-09 00:53:39) [POST]
  Parameters: {"commit"=>"Create", "authenticity_token"=>"/jxXMiWC0OqMEx9STpz6Ltaaba25bq58rShCFdvUotA=", "user"=>{"name"=>"Ming"}}
  [4;36;1mUser Create (0.7ms)[0m   [0;1mINSERT INTO "users" ("name", "created_at", "updated_at") VALUES('Ming', '2009-10-09 05:53:39', '2009-10-09 05:53:39')[0m
Redirected to http://localhost:3000/users/1
Completed in 34ms (DB: 1) | 302 Found [http://localhost/users]


Processing UsersController#show (for 127.0.0.1 at 2009-10-09 00:53:39) [GET]
  Parameters: {"id"=>"1"}
  [4;35;1mUser Load (0.7ms)[0m   [0mSELECT * FROM "users" WHERE ("users"."id" = 1) [0m
Rendering template within layouts/users
Rendering users/show
Completed in 24ms (View: 7, DB: 1) | 200 OK [http://localhost/users/1]


Processing UsersController#index (for 127.0.0.1 at 2009-10-09 00:53:40) [GET]
  [4;36;1mUser Load (0.6ms)[0m   [0;1mSELECT * FROM "users" [0m
Rendering template within layouts/users
Rendering users/index
Completed in 31ms (View: 17, DB: 1) | 200 OK [http://localhost/users]


Processing UsersController#new (for 127.0.0.1 at 2009-10-09 00:53:41) [GET]
Rendering template within layouts/users
Rendering users/new
Completed in 25ms (View: 10, DB: 0) | 200 OK [http://localhost/users/new]


Processing UsersController#create (for 127.0.0.1 at 2009-10-09 00:53:44) [POST]
  Parameters: {"commit"=>"Create", "authenticity_token"=>"/jxXMiWC0OqMEx9STpz6Ltaaba25bq58rShCFdvUotA=", "user"=>{"name"=>"Will"}}
  [4;35;1mUser Create (0.6ms)[0m   [0mINSERT INTO "users" ("name", "created_at", "updated_at") VALUES('Will', '2009-10-09 05:53:44', '2009-10-09 05:53:44')[0m
Redirected to http://localhost:3000/users/2
Completed in 37ms (DB: 1) | 302 Found [http://localhost/users]


Processing UsersController#show (for 127.0.0.1 at 2009-10-09 00:53:44) [GET]
  Parameters: {"id"=>"2"}
  [4;36;1mUser Load (0.6ms)[0m   [0;1mSELECT * FROM "users" WHERE ("users"."id" = 2) [0m
Rendering template within layouts/users
Rendering users/show
Completed in 22ms (View: 6, DB: 1) | 200 OK [http://localhost/users/2]


Processing UsersController#index (for 127.0.0.1 at 2009-10-09 00:53:45) [GET]
  [4;35;1mUser Load (1.4ms)[0m   [0mSELECT * FROM "users" [0m
Rendering template within layouts/users
Rendering users/index
Completed in 135ms (View: 122, DB: 1) | 200 OK [http://localhost/users]
  [4;35;1mArticle Load (1.2ms)[0m   [0mSELECT * FROM "articles" [0m
  [4;36;1mArticle Load (1.0ms)[0m   [0;1mSELECT * FROM "articles" [0m
  [4;35;1mArticle Load (1.0ms)[0m   [0mSELECT * FROM "articles" [0m
  [4;36;1mArticle Load (0.5ms)[0m   [0;1mSELECT * FROM "articles" [0m
  [4;35;1mArticle Load (0.8ms)[0m   [0mSELECT * FROM "articles" [0m
  [4;36;1mArticle Load (1.0ms)[0m   [0;1mSELECT * FROM "articles" [0m
  [4;35;1mArticle Load (0.8ms)[0m   [0mSELECT * FROM "articles" [0m
  [4;36;1mArticle Load (0.9ms)[0m   [0;1mSELECT * FROM "articles" [0m
  [4;35;1mUser Load (0.9ms)[0m   [0mSELECT * FROM "users" INNER JOIN "articles_users" ON "users".id = "articles_users".user_id WHERE ("articles_users".article_id = 1 ) [0m
  [4;36;1mArticle Load (0.6ms)[0m   [0;1mSELECT * FROM "articles" [0m
  [4;35;1mUser Load (0.6ms)[0m   [0mSELECT * FROM "users" [0m
  [4;36;1mSQL (1.1ms)[0m   [0;1mINSERT INTO "articles_users" ("user_id", "article_id") VALUES (1, 1)[0m
  [4;35;1mUser Load (0.8ms)[0m   [0mSELECT * FROM "users" INNER JOIN "articles_users" ON "users".id = "articles_users".user_id WHERE ("articles_users".article_id = 1 ) [0m
  [4;36;1mArticle Load (1.0ms)[0m   [0;1mSELECT * FROM "articles" [0m
  [4;35;1mUser Load (0.6ms)[0m   [0mSELECT * FROM "users" INNER JOIN "articles_users" ON "users".id = "articles_users".user_id WHERE ("articles_users".article_id = 1 ) [0m
  [4;36;1mUser Load (1.0ms)[0m   [0;1mSELECT * FROM "users" [0m
  [4;35;1mArticle Load (1.7ms)[0m   [0mSELECT * FROM "articles" INNER JOIN "articles_users" ON "articles".id = "articles_users".article_id WHERE ("articles_users".user_id = 1 ) [0m


Processing CollectionsController#index (for 127.0.0.1 at 2009-10-09 01:30:58) [GET]
  Parameters: {"article"=>"1", "user"=>"1"}
  [4;36;1mUser Load (0.6ms)[0m   [0;1mSELECT * FROM "users" WHERE ("users"."id" = 1) [0m
  [4;35;1mArticle Load (0.7ms)[0m   [0mSELECT * FROM "articles" WHERE ("articles"."id" = 1) [0m

ActiveRecord::AssociationTypeMismatch (Article(#-609909458) expected, got User(#-609864308)):
  app/controllers/collections_controller.rb:10:in `index'

Rendered rescues/_trace (96.9ms)
Rendered rescues/_request_and_response (1.1ms)
Rendering rescues/layout (internal_server_error)


Processing CollectionsController#index (for 127.0.0.1 at 2009-10-09 01:31:34) [GET]
  Parameters: {"article"=>"0", "user"=>"0"}
  [4;36;1mUser Load (0.4ms)[0m   [0;1mSELECT * FROM "users" WHERE ("users"."id" = 0) [0m

ActiveRecord::RecordNotFound (Couldn't find User with ID=0):
  app/controllers/collections_controller.rb:5:in `index'

Rendered rescues/_trace (199.8ms)
Rendered rescues/_request_and_response (1.4ms)
Rendering rescues/layout (not_found)
  [4;36;1mUser Load (0.4ms)[0m   [0;1mSELECT * FROM "users" WHERE ("users"."id" = 0) [0m
  [4;35;1mUser Load (0.7ms)[0m   [0mSELECT * FROM "users" WHERE ("users"."id" = 1) [0m
  [4;36;1mUser Load (0.6ms)[0m   [0;1mSELECT * FROM "users" WHERE ("users"."id" = 2) [0m


Processing CollectionsController#index (for 127.0.0.1 at 2009-10-09 01:32:14) [GET]
  Parameters: {"article"=>"1", "user"=>"1"}
  [4;35;1mUser Load (0.8ms)[0m   [0mSELECT * FROM "users" WHERE ("users"."id" = 1) [0m
  [4;36;1mArticle Load (0.7ms)[0m   [0;1mSELECT * FROM "articles" WHERE ("articles"."id" = 1) [0m

ActiveRecord::AssociationTypeMismatch (Article(#-609957888) expected, got User(#-609912628)):
  app/controllers/collections_controller.rb:10:in `index'

Rendered rescues/_trace (87.0ms)
Rendered rescues/_request_and_response (0.8ms)
Rendering rescues/layout (internal_server_error)
  [4;35;1mUser Load (0.7ms)[0m   [0mSELECT * FROM "users" WHERE ("users"."id" = 1) [0m
  [4;36;1mArticle Load (1.1ms)[0m   [0;1mSELECT * FROM "articles" WHERE ("articles"."id" = 1) [0m
  [4;35;1mUser Load (0.5ms)[0m   [0mSELECT * FROM "users" WHERE ("users"."id" = 1) [0m
  [4;36;1mArticle Load (0.6ms)[0m   [0;1mSELECT * FROM "articles" INNER JOIN "articles_users" ON "articles".id = "articles_users".article_id WHERE ("articles_users".user_id = 1 ) [0m
  [4;35;1mUser Load (0.8ms)[0m   [0mSELECT * FROM "users" WHERE ("users"."id" = 1) [0m
  [4;36;1mArticle Load (0.5ms)[0m   [0;1mSELECT * FROM "articles" WHERE ("articles"."id" = 1) [0m
  [4;35;1mSQL (1.3ms)[0m   [0mINSERT INTO "articles_users" ("user_id", "article_id") VALUES (1, 1)[0m
  [4;36;1mArticle Load (0.9ms)[0m   [0;1mSELECT * FROM "articles" INNER JOIN "articles_users" ON "articles".id = "articles_users".article_id WHERE ("articles_users".user_id = 1 ) [0m


Processing CollectionsController#index (for 127.0.0.1 at 2009-10-09 01:33:27) [GET]
  Parameters: {"article"=>"1", "user"=>"1"}
  [4;35;1mUser Load (0.6ms)[0m   [0mSELECT * FROM "users" WHERE ("users"."id" = 1) [0m
  [4;36;1mArticle Load (1.1ms)[0m   [0;1mSELECT * FROM "articles" WHERE ("articles"."id" = 1) [0m
  [4;35;1mSQL (0.4ms)[0m   [0mINSERT INTO "articles_users" ("user_id", "article_id") VALUES (1, 1)[0m
Rendering collections/index
Completed in 50ms (View: 4, DB: 2) | 200 OK [http://localhost/createcollection?user=1;article=1]
  [4;36;1mUser Load (0.3ms)[0m   [0;1mSELECT * FROM "users" WHERE ("users"."id" = 1) [0m
  [4;35;1mArticle Load (0.3ms)[0m   [0mSELECT * FROM "articles" INNER JOIN "articles_users" ON "articles".id = "articles_users".article_id WHERE ("articles_users".user_id = 1 ) [0m
  [4;36;1mUser Load (0.9ms)[0m   [0;1mSELECT * FROM "users" WHERE ("users"."id" = 1) [0m
  [4;35;1mArticle Load (0.3ms)[0m   [0mSELECT * FROM "articles" INNER JOIN "articles_users" ON "articles".id = "articles_users".article_id WHERE ("articles"."id" = 2 AND ("articles_users".user_id = 1 )) [0m
  [4;36;1mUser Load (0.3ms)[0m   [0;1mSELECT * FROM "users" WHERE ("users"."id" = 1) [0m
  [4;35;1mArticle Load (0.5ms)[0m   [0mSELECT * FROM "articles" INNER JOIN "articles_users" ON "articles".id = "articles_users".article_id WHERE ("articles_users".user_id = 1 ) [0m
  [4;36;1mUser Load (0.2ms)[0m   [0;1mSELECT * FROM "users" WHERE ("users"."id" = 1) [0m
  [4;35;1mArticle Load (1.1ms)[0m   [0mSELECT * FROM "articles" INNER JOIN "articles_users" ON "articles".id = "articles_users".article_id WHERE ("articles_users".user_id = 1 ) [0m
  [4;36;1mUser Load (0.6ms)[0m   [0;1mSELECT * FROM "users" WHERE ("users"."id" = 1) [0m
  [4;35;1mArticle Load (0.7ms)[0m   [0mSELECT * FROM "articles" INNER JOIN "articles_users" ON "articles".id = "articles_users".article_id WHERE ("articles_users".user_id = 1 ) [0m
  [4;36;1mUser Load (0.8ms)[0m   [0;1mSELECT * FROM "users" WHERE ("users"."id" = 1) [0m
  [4;35;1mArticle Load (1.4ms)[0m   [0mSELECT * FROM "articles" INNER JOIN "articles_users" ON "articles".id = "articles_users".article_id WHERE ("articles_users".user_id = 1 ) [0m
  [4;36;1mArticle Delete all (14.0ms)[0m   [0;1mDELETE FROM "articles" WHERE ("id" IN (1)) [0m
  [4;35;1mUser Load (0.8ms)[0m   [0mSELECT * FROM "users" WHERE ("users"."id" = 1) [0m
  [4;36;1mArticle Load (0.4ms)[0m   [0;1mSELECT * FROM "articles" INNER JOIN "articles_users" ON "articles".id = "articles_users".article_id WHERE ("articles_users".user_id = 1 ) [0m
  [4;35;1mUser Load (0.7ms)[0m   [0mSELECT * FROM "users" WHERE ("users"."id" = 1) [0m
  [4;36;1mArticle Load (0.4ms)[0m   [0;1mSELECT * FROM "articles" INNER JOIN "articles_users" ON "articles".id = "articles_users".article_id WHERE ("articles_users".user_id = 1 ) [0m
  [4;35;1mUser Load (0.8ms)[0m   [0mSELECT * FROM "users" WHERE ("users"."id" = 1) [0m
  [4;36;1mArticle Load (0.4ms)[0m   [0;1mSELECT * FROM "articles" INNER JOIN "articles_users" ON "articles".id = "articles_users".article_id WHERE ("articles_users".user_id = 1 ) [0m


Processing CollectionsController#index (for 127.0.0.1 at 2009-10-09 01:34:23) [GET]
  Parameters: {"article"=>"1", "user"=>"1"}
  [4;36;1mUser Load (1.0ms)[0m   [0;1mSELECT * FROM "users" WHERE ("users"."id" = 1) [0m
  [4;35;1mArticle Load (0.5ms)[0m   [0mSELECT * FROM "articles" WHERE ("articles"."id" = 1) [0m

ActiveRecord::RecordNotFound (Couldn't find Article with ID=1):
  app/controllers/collections_controller.rb:6:in `index'

Rendered rescues/_trace (83.1ms)
Rendered rescues/_request_and_response (0.7ms)
Rendering rescues/layout (not_found)


Processing ArticlesController#index (for 127.0.0.1 at 2009-10-09 01:35:05) [GET]
  [4;36;1mArticle Load (1.2ms)[0m   [0;1mSELECT * FROM "articles" [0m
Rendering template within layouts/articles
Rendering articles/index
Completed in 32ms (View: 17, DB: 1) | 200 OK [http://localhost/articles]


Processing ArticlesController#index (for 127.0.0.1 at 2009-10-09 01:35:07) [GET]
  [4;35;1mArticle Load (1.5ms)[0m   [0mSELECT * FROM "articles" [0m
Rendering template within layouts/articles
Rendering articles/index
Completed in 33ms (View: 19, DB: 1) | 200 OK [http://localhost/articles]


Processing ArticlesController#show (for 127.0.0.1 at 2009-10-09 01:35:09) [GET]
  Parameters: {"id"=>"2"}
  [4;36;1mArticle Load (0.8ms)[0m   [0;1mSELECT * FROM "articles" WHERE ("articles"."id" = 2) [0m
Rendering template within layouts/articles
Rendering articles/show
Completed in 23ms (View: 6, DB: 1) | 200 OK [http://localhost/articles/2]


Processing CollectionsController#index (for 127.0.0.1 at 2009-10-09 01:35:14) [GET]
  Parameters: {"article"=>"2", "user"=>"1"}
  [4;35;1mUser Load (0.6ms)[0m   [0mSELECT * FROM "users" WHERE ("users"."id" = 1) [0m
  [4;36;1mArticle Load (0.7ms)[0m   [0;1mSELECT * FROM "articles" WHERE ("articles"."id" = 2) [0m
  [4;35;1mSQL (0.6ms)[0m   [0mINSERT INTO "articles_users" ("user_id", "article_id") VALUES (1, 2)[0m
Rendering collections/index
Completed in 176ms (View: 4, DB: 2) | 200 OK [http://localhost/createcollection?user=1;article=2]


Processing CollectionsController#index (for 127.0.0.1 at 2009-10-09 01:38:24) [GET]
  Parameters: {"article"=>"2", "user"=>"1"}
  [4;36;1mUser Load (0.4ms)[0m   [0;1mSELECT * FROM "users" WHERE ("users"."id" = 1) [0m
  [4;35;1mArticle Load (0.6ms)[0m   [0mSELECT * FROM "articles" WHERE ("articles"."id" = 2) [0m
  [4;36;1mArticle Load (0.8ms)[0m   [0;1mSELECT * FROM "articles" INNER JOIN "articles_users" ON "articles".id = "articles_users".article_id WHERE ("articles_users".user_id = 1 ) [0m

NameError (undefined local variable or method `halt' for #<CollectionsController:0xb75fc7a8>):
  app/controllers/collections_controller.rb:12:in `index'
  app/controllers/collections_controller.rb:10:in `index'

Rendered rescues/_trace (84.6ms)
Rendered rescues/_request_and_response (0.5ms)
Rendering rescues/layout (internal_server_error)


Processing CollectionsController#index (for 127.0.0.1 at 2009-10-09 01:38:47) [GET]
  Parameters: {"article"=>"2", "user"=>"1"}
  [4;35;1mUser Load (0.7ms)[0m   [0mSELECT * FROM "users" WHERE ("users"."id" = 1) [0m
  [4;36;1mArticle Load (1.3ms)[0m   [0;1mSELECT * FROM "articles" WHERE ("articles"."id" = 2) [0m
  [4;35;1mArticle Load (0.8ms)[0m   [0mSELECT * FROM "articles" INNER JOIN "articles_users" ON "articles".id = "articles_users".article_id WHERE ("articles_users".user_id = 1 ) [0m
  [4;36;1mSQL (0.4ms)[0m   [0;1mINSERT INTO "articles_users" ("user_id", "article_id") VALUES (1, 2)[0m
Completed in 46ms (View: 1, DB: 3) | 200 OK [http://localhost/createcollection?user=1;article=2]


Processing CollectionsController#index (for 127.0.0.1 at 2009-10-09 01:38:49) [GET]
  Parameters: {"article"=>"2", "user"=>"1"}
  [4;35;1mUser Load (0.5ms)[0m   [0mSELECT * FROM "users" WHERE ("users"."id" = 1) [0m
  [4;36;1mArticle Load (0.6ms)[0m   [0;1mSELECT * FROM "articles" WHERE ("articles"."id" = 2) [0m
  [4;35;1mArticle Load (0.9ms)[0m   [0mSELECT * FROM "articles" INNER JOIN "articles_users" ON "articles".id = "articles_users".article_id WHERE ("articles_users".user_id = 1 ) [0m

ActionController::DoubleRenderError (Can only render or redirect once per action):
  app/controllers/collections_controller.rb:12:in `index'
  app/controllers/collections_controller.rb:10:in `index'

Rendered rescues/_trace (203.3ms)
Rendered rescues/_request_and_response (0.8ms)
Rendering rescues/layout (internal_server_error)


Processing CollectionsController#index (for 127.0.0.1 at 2009-10-09 01:38:54) [GET]
  Parameters: {"article"=>"2", "user"=>"1"}
  [4;36;1mUser Load (0.3ms)[0m   [0;1mSELECT * FROM "users" WHERE ("users"."id" = 1) [0m
  [4;35;1mArticle Load (0.0ms)[0m   [0mSELECT * FROM "articles" WHERE ("articles"."id" = 2) [0m
  [4;36;1mArticle Load (0.4ms)[0m   [0;1mSELECT * FROM "articles" INNER JOIN "articles_users" ON "articles".id = "articles_users".article_id WHERE ("articles_users".user_id = 1 ) [0m

ActionController::DoubleRenderError (Can only render or redirect once per action):
  app/controllers/collections_controller.rb:12:in `index'
  app/controllers/collections_controller.rb:10:in `index'

Rendered rescues/_trace (22.6ms)
Rendered rescues/_request_and_response (0.2ms)
Rendering rescues/layout (internal_server_error)


Processing CollectionsController#index (for 127.0.0.1 at 2009-10-09 01:38:55) [GET]
  Parameters: {"article"=>"2", "user"=>"1"}
  [4;35;1mUser Load (0.2ms)[0m   [0mSELECT * FROM "users" WHERE ("users"."id" = 1) [0m
  [4;36;1mArticle Load (0.2ms)[0m   [0;1mSELECT * FROM "articles" WHERE ("articles"."id" = 2) [0m
  [4;35;1mArticle Load (0.4ms)[0m   [0mSELECT * FROM "articles" INNER JOIN "articles_users" ON "articles".id = "articles_users".article_id WHERE ("articles_users".user_id = 1 ) [0m

ActionController::DoubleRenderError (Can only render or redirect once per action):
  app/controllers/collections_controller.rb:12:in `index'
  app/controllers/collections_controller.rb:10:in `index'

Rendered rescues/_trace (66.5ms)
Rendered rescues/_request_and_response (0.2ms)
Rendering rescues/layout (internal_server_error)


Processing CollectionsController#index (for 127.0.0.1 at 2009-10-09 01:39:00) [GET]
  Parameters: {"article"=>"2", "user"=>"1"}
  [4;36;1mUser Load (0.8ms)[0m   [0;1mSELECT * FROM "users" WHERE ("users"."id" = 1) [0m
  [4;35;1mArticle Load (0.7ms)[0m   [0mSELECT * FROM "articles" WHERE ("articles"."id" = 2) [0m
  [4;36;1mArticle Load (0.9ms)[0m   [0;1mSELECT * FROM "articles" INNER JOIN "articles_users" ON "articles".id = "articles_users".article_id WHERE ("articles_users".user_id = 1 ) [0m

ActionController::DoubleRenderError (Can only render or redirect once per action):
  app/controllers/collections_controller.rb:12:in `index'
  app/controllers/collections_controller.rb:10:in `index'

Rendered rescues/_trace (88.2ms)
Rendered rescues/_request_and_response (0.6ms)
Rendering rescues/layout (internal_server_error)
  [4;36;1mSQL (1.7ms)[0m   [0;1m SELECT name
 FROM sqlite_master
 WHERE type = 'table' AND NOT name = 'sqlite_sequence'
[0m
  [4;35;1mUser Load (1.0ms)[0m   [0mSELECT * FROM "users" [0m
  [4;36;1mUser Load (0.8ms)[0m   [0;1mSELECT * FROM "users" [0m
  [4;35;1mArticle Load (1.4ms)[0m   [0mSELECT * FROM "articles" INNER JOIN "articles_users" ON "articles".id = "articles_users".article_id WHERE ("articles_users".user_id = 1 ) [0m
  [4;36;1mUser Load (0.9ms)[0m   [0;1mSELECT * FROM "users" [0m
  [4;35;1mArticle Load (0.2ms)[0m   [0mSELECT * FROM "articles" INNER JOIN "articles_users" ON "articles".id = "articles_users".article_id WHERE ("articles_users".user_id = 1 ) [0m
  [4;36;1mUser Load (0.9ms)[0m   [0;1mSELECT * FROM "users" [0m
  [4;35;1mSQL (0.7ms)[0m   [0m SELECT name
 FROM sqlite_master
 WHERE type = 'table' AND NOT name = 'sqlite_sequence'
[0m
  [4;36;1mUser Load (0.8ms)[0m   [0;1mSELECT * FROM "users" [0m
  [4;35;1mArticle Load (0.5ms)[0m   [0mSELECT * FROM "articles" [0m
  [4;36;1mUser Load (0.8ms)[0m   [0;1mSELECT * FROM "users" [0m
  [4;35;1mArticle Load (0.7ms)[0m   [0mSELECT * FROM "articles" [0m
  [4;36;1mSQL (1.0ms)[0m   [0;1mDELETE FROM "articles_users" WHERE user_id = 1 AND article_id IN (2)[0m
  [4;35;1mUser Load (0.8ms)[0m   [0mSELECT * FROM "users" [0m
  [4;36;1mArticle Load (0.6ms)[0m   [0;1mSELECT * FROM "articles" INNER JOIN "articles_users" ON "articles".id = "articles_users".article_id WHERE ("articles_users".user_id = 1 ) [0m


Processing CollectionsController#index (for 127.0.0.1 at 2009-10-09 01:41:00) [GET]
  Parameters: {"article"=>"1", "user"=>"1"}
  [4;35;1mUser Load (0.2ms)[0m   [0mSELECT * FROM "users" WHERE ("users"."id" = 1) [0m
  [4;36;1mArticle Load (0.1ms)[0m   [0;1mSELECT * FROM "articles" WHERE ("articles"."id" = 1) [0m

ActiveRecord::RecordNotFound (Couldn't find Article with ID=1):
  app/controllers/collections_controller.rb:6:in `index'

Rendered rescues/_trace (23.5ms)
Rendered rescues/_request_and_response (0.1ms)
Rendering rescues/layout (not_found)


Processing CollectionsController#index (for 127.0.0.1 at 2009-10-09 01:41:22) [GET]
  Parameters: {"article"=>"1", "user"=>"1"}
  [4;35;1mUser Load (0.6ms)[0m   [0mSELECT * FROM "users" WHERE ("users"."id" = 1) [0m
  [4;36;1mArticle Load (0.3ms)[0m   [0;1mSELECT * FROM "articles" WHERE ("articles"."id" = 1) [0m

ActiveRecord::RecordNotFound (Couldn't find Article with ID=1):
  app/controllers/collections_controller.rb:6:in `index'

Rendered rescues/_trace (78.1ms)
Rendered rescues/_request_and_response (0.8ms)
Rendering rescues/layout (not_found)
  [4;35;1mArticle Load (0.7ms)[0m   [0mSELECT * FROM "articles" [0m


Processing CollectionsController#index (for 127.0.0.1 at 2009-10-09 01:41:44) [GET]
  Parameters: {"article"=>"2", "user"=>"1"}
  [4;35;1mUser Load (0.6ms)[0m   [0mSELECT * FROM "users" WHERE ("users"."id" = 1) [0m
  [4;36;1mArticle Load (0.5ms)[0m   [0;1mSELECT * FROM "articles" WHERE ("articles"."id" = 2) [0m
  [4;35;1mArticle Load (0.4ms)[0m   [0mSELECT * FROM "articles" INNER JOIN "articles_users" ON "articles".id = "articles_users".article_id WHERE ("articles_users".user_id = 1 ) [0m
  [4;36;1mSQL (1.3ms)[0m   [0;1mINSERT INTO "articles_users" ("user_id", "article_id") VALUES (1, 2)[0m
Rendering collections/index
Completed in 78ms (View: 11, DB: 3) | 200 OK [http://localhost/createcollection?user=1;article=2]


Processing CollectionsController#index (for 127.0.0.1 at 2009-10-09 01:41:46) [GET]
  Parameters: {"article"=>"2", "user"=>"1"}
  [4;35;1mUser Load (0.7ms)[0m   [0mSELECT * FROM "users" WHERE ("users"."id" = 1) [0m
  [4;36;1mArticle Load (0.6ms)[0m   [0;1mSELECT * FROM "articles" WHERE ("articles"."id" = 2) [0m
  [4;35;1mArticle Load (0.9ms)[0m   [0mSELECT * FROM "articles" INNER JOIN "articles_users" ON "articles".id = "articles_users".article_id WHERE ("articles_users".user_id = 1 ) [0m
Rendering collections/index
Completed in 45ms (View: 5, DB: 2) | 200 OK [http://localhost/createcollection?user=1;article=2]


Processing CollectionsController#index (for 127.0.0.1 at 2009-10-09 01:41:48) [GET]
  Parameters: {"article"=>"2", "user"=>"1"}
  [4;36;1mUser Load (0.5ms)[0m   [0;1mSELECT * FROM "users" WHERE ("users"."id" = 1) [0m
  [4;35;1mArticle Load (0.7ms)[0m   [0mSELECT * FROM "articles" WHERE ("articles"."id" = 2) [0m
  [4;36;1mArticle Load (1.0ms)[0m   [0;1mSELECT * FROM "articles" INNER JOIN "articles_users" ON "articles".id = "articles_users".article_id WHERE ("articles_users".user_id = 1 ) [0m
Rendering collections/index
Completed in 38ms (View: 4, DB: 2) | 200 OK [http://localhost/createcollection?user=1;article=2]


Processing CollectionsController#index (for 127.0.0.1 at 2009-10-09 01:41:49) [GET]
  Parameters: {"article"=>"2", "user"=>"1"}
  [4;35;1mUser Load (0.6ms)[0m   [0mSELECT * FROM "users" WHERE ("users"."id" = 1) [0m
  [4;36;1mArticle Load (0.6ms)[0m   [0;1mSELECT * FROM "articles" WHERE ("articles"."id" = 2) [0m
  [4;35;1mArticle Load (0.8ms)[0m   [0mSELECT * FROM "articles" INNER JOIN "articles_users" ON "articles".id = "articles_users".article_id WHERE ("articles_users".user_id = 1 ) [0m
Rendering collections/index
Completed in 41ms (View: 4, DB: 2) | 200 OK [http://localhost/createcollection?user=1;article=2]
  [4;36;1mUser Load (1.7ms)[0m   [0;1mSELECT * FROM "users" [0m
  [4;35;1mUser Load (0.8ms)[0m   [0mSELECT * FROM "users" [0m
  [4;36;1mArticle Load (1.0ms)[0m   [0;1mSELECT * FROM "articles" INNER JOIN "articles_users" ON "articles".id = "articles_users".article_id WHERE ("articles_users".user_id = 1 ) [0m


Processing CollectionsController#index (for 127.0.0.1 at 2009-10-09 01:42:08) [GET]
  Parameters: {"article"=>"2", "user"=>"1"}
  [4;36;1mUser Load (0.6ms)[0m   [0;1mSELECT * FROM "users" WHERE ("users"."id" = 1) [0m
  [4;35;1mArticle Load (0.6ms)[0m   [0mSELECT * FROM "articles" WHERE ("articles"."id" = 2) [0m
  [4;36;1mArticle Load (0.8ms)[0m   [0;1mSELECT * FROM "articles" INNER JOIN "articles_users" ON "articles".id = "articles_users".article_id WHERE ("articles_users".user_id = 1 ) [0m
Rendering collections/index
Completed in 36ms (View: 3, DB: 2) | 200 OK [http://localhost/createcollection?user=1;article=2]


Processing CollectionsController#index (for 127.0.0.1 at 2009-10-09 01:42:09) [GET]
  Parameters: {"article"=>"2", "user"=>"1"}
  [4;35;1mUser Load (0.7ms)[0m   [0mSELECT * FROM "users" WHERE ("users"."id" = 1) [0m
  [4;36;1mArticle Load (0.4ms)[0m   [0;1mSELECT * FROM "articles" WHERE ("articles"."id" = 2) [0m
  [4;35;1mArticle Load (0.6ms)[0m   [0mSELECT * FROM "articles" INNER JOIN "articles_users" ON "articles".id = "articles_users".article_id WHERE ("articles_users".user_id = 1 ) [0m
Rendering collections/index
Completed in 35ms (View: 3, DB: 2) | 200 OK [http://localhost/createcollection?user=1;article=2]


Processing CollectionsController#index (for 127.0.0.1 at 2009-10-09 01:42:10) [GET]
  Parameters: {"article"=>"2", "user"=>"1"}
  [4;36;1mUser Load (0.6ms)[0m   [0;1mSELECT * FROM "users" WHERE ("users"."id" = 1) [0m
  [4;35;1mArticle Load (0.6ms)[0m   [0mSELECT * FROM "articles" WHERE ("articles"."id" = 2) [0m
  [4;36;1mArticle Load (0.7ms)[0m   [0;1mSELECT * FROM "articles" INNER JOIN "articles_users" ON "articles".id = "articles_users".article_id WHERE ("articles_users".user_id = 1 ) [0m
Rendering collections/index
Completed in 38ms (View: 3, DB: 2) | 200 OK [http://localhost/createcollection?user=1;article=2]


Processing CollectionsController#index (for 127.0.0.1 at 2009-10-09 01:42:37) [GET]
  Parameters: {"article"=>"2", "user"=>"1"}
  [4;35;1mUser Load (0.5ms)[0m   [0mSELECT * FROM "users" WHERE ("users"."id" = 1) [0m
  [4;36;1mArticle Load (0.4ms)[0m   [0;1mSELECT * FROM "articles" WHERE ("articles"."id" = 2) [0m
  [4;35;1mArticle Load (0.8ms)[0m   [0mSELECT * FROM "articles" INNER JOIN "articles_users" ON "articles".id = "articles_users".article_id WHERE ("articles_users".user_id = 1 ) [0m
Rendering collections/index
Completed in 142ms (View: 4, DB: 2) | 200 OK [http://localhost/createcollection?user=1;article=2]


Processing CollectionsController#index (for 127.0.0.1 at 2009-10-09 01:42:38) [GET]
  Parameters: {"article"=>"2", "user"=>"1"}
  [4;36;1mUser Load (0.6ms)[0m   [0;1mSELECT * FROM "users" WHERE ("users"."id" = 1) [0m
  [4;35;1mArticle Load (0.4ms)[0m   [0mSELECT * FROM "articles" WHERE ("articles"."id" = 2) [0m
  [4;36;1mArticle Load (0.8ms)[0m   [0;1mSELECT * FROM "articles" INNER JOIN "articles_users" ON "articles".id = "articles_users".article_id WHERE ("articles_users".user_id = 1 ) [0m
Rendering collections/index
Completed in 40ms (View: 4, DB: 2) | 200 OK [http://localhost/createcollection?user=1;article=2]


Processing CollectionsController#index (for 127.0.0.1 at 2009-10-09 01:43:04) [GET]
  Parameters: {"article"=>"2", "user"=>"1"}
  [4;35;1mUser Load (0.2ms)[0m   [0mSELECT * FROM "users" WHERE ("users"."id" = 1) [0m
  [4;36;1mArticle Load (1.8ms)[0m   [0;1mSELECT * FROM "articles" WHERE ("articles"."id" = 2) [0m
  [4;35;1mArticle Load (0.9ms)[0m   [0mSELECT * FROM "articles" INNER JOIN "articles_users" ON "articles".id = "articles_users".article_id WHERE ("articles_users".user_id = 1 ) [0m
Rendering collections/index
Completed in 50ms (View: 14, DB: 3) | 200 OK [http://localhost/createcollection?user=1;article=2]
  [4;36;1mUser Load (1.4ms)[0m   [0;1mSELECT * FROM "users" [0m
  [4;35;1mArticle Load (0.8ms)[0m   [0mSELECT * FROM "articles" INNER JOIN "articles_users" ON "articles".id = "articles_users".article_id WHERE ("articles_users".user_id = 1 ) [0m
  [4;36;1mUser Load (0.8ms)[0m   [0;1mSELECT * FROM "users" [0m
  [4;35;1mArticle Load (0.1ms)[0m   [0mSELECT * FROM "articles" [0m
  [4;36;1mSQL (1.1ms)[0m   [0;1mDELETE FROM "articles_users" WHERE user_id = 1 AND article_id IN (2)[0m
  [4;35;1mUser Load (0.9ms)[0m   [0mSELECT * FROM "users" [0m
  [4;36;1mArticle Load (0.4ms)[0m   [0;1mSELECT * FROM "articles" INNER JOIN "articles_users" ON "articles".id = "articles_users".article_id WHERE ("articles_users".user_id = 1 ) [0m


Processing CollectionsController#index (for 127.0.0.1 at 2009-10-09 01:43:43) [GET]
  Parameters: {"article"=>"2", "user"=>"1"}
  [4;36;1mUser Load (0.5ms)[0m   [0;1mSELECT * FROM "users" WHERE ("users"."id" = 1) [0m
  [4;35;1mArticle Load (0.6ms)[0m   [0mSELECT * FROM "articles" WHERE ("articles"."id" = 2) [0m
  [4;36;1mArticle Load (0.8ms)[0m   [0;1mSELECT * FROM "articles" INNER JOIN "articles_users" ON "articles".id = "articles_users".article_id WHERE ("articles_users".user_id = 1 ) [0m
  [4;35;1mSQL (0.5ms)[0m   [0mINSERT INTO "articles_users" ("user_id", "article_id") VALUES (1, 2)[0m
Rendering collections/index
Completed in 49ms (View: 4, DB: 2) | 200 OK [http://localhost/createcollection?user=1;article=2]
  [4;35;1mUser Load (0.9ms)[0m   [0mSELECT * FROM "users" [0m
  [4;36;1mArticle Load (0.7ms)[0m   [0;1mSELECT * FROM "articles" INNER JOIN "articles_users" ON "articles".id = "articles_users".article_id WHERE ("articles_users".user_id = 1 ) [0m
  [4;35;1mUser Load (0.8ms)[0m   [0mSELECT * FROM "users" [0m
  [4;36;1mArticle Load (0.5ms)[0m   [0;1mSELECT * FROM "articles" [0m
  [4;35;1mSQL (0.6ms)[0m   [0m SELECT name
 FROM sqlite_master
 WHERE type = 'table' AND NOT name = 'sqlite_sequence'
[0m
  [4;36;1mUser Load (0.8ms)[0m   [0;1mSELECT * FROM "users" [0m
  [4;35;1mArticle Load (0.5ms)[0m   [0mSELECT * FROM "articles" [0m
  [4;36;1mSQL (0.8ms)[0m   [0;1m SELECT name
 FROM sqlite_master
 WHERE type = 'table' AND NOT name = 'sqlite_sequence'
[0m


Processing CollectionsController#index (for 127.0.0.1 at 2009-10-09 01:45:53) [GET]
  Parameters: {"article"=>"2", "user"=>"1"}
  [4;36;1mUser Load (0.1ms)[0m   [0;1mSELECT * FROM "users" WHERE ("users"."id" = 1) [0m
  [4;35;1mArticle Load (0.3ms)[0m   [0mSELECT * FROM "articles" WHERE ("articles"."id" = 2) [0m
  [4;36;1mArticle Load (0.3ms)[0m   [0;1mSELECT * FROM "articles" INNER JOIN "articles_users" ON "articles".id = "articles_users".article_id WHERE ("articles_users".user_id = 1 ) [0m
Rendering collections/index
Completed in 15ms (View: 2, DB: 1) | 200 OK [http://localhost/createcollection?user=1;article=2]


Processing CollectionsController#index (for 127.0.0.1 at 2009-10-09 01:45:56) [GET]
  Parameters: {"article"=>"2", "user"=>"1"}
  [4;35;1mUser Load (0.2ms)[0m   [0mSELECT * FROM "users" WHERE ("users"."id" = 1) [0m
  [4;36;1mArticle Load (0.3ms)[0m   [0;1mSELECT * FROM "articles" WHERE ("articles"."id" = 2) [0m
  [4;35;1mArticle Load (0.3ms)[0m   [0mSELECT * FROM "articles" INNER JOIN "articles_users" ON "articles".id = "articles_users".article_id WHERE ("articles_users".user_id = 1 ) [0m
Rendering collections/index
Completed in 15ms (View: 1, DB: 1) | 200 OK [http://localhost/createcollection?user=1;article=2]


Processing CollectionsController#index (for 127.0.0.1 at 2009-10-09 01:45:57) [GET]
  Parameters: {"article"=>"2", "user"=>"1"}
  [4;36;1mUser Load (0.2ms)[0m   [0;1mSELECT * FROM "users" WHERE ("users"."id" = 1) [0m
  [4;35;1mArticle Load (0.2ms)[0m   [0mSELECT * FROM "articles" WHERE ("articles"."id" = 2) [0m
  [4;36;1mArticle Load (0.4ms)[0m   [0;1mSELECT * FROM "articles" INNER JOIN "articles_users" ON "articles".id = "articles_users".article_id WHERE ("articles_users".user_id = 1 ) [0m
Rendering collections/index
Completed in 50ms (View: 2, DB: 1) | 200 OK [http://localhost/createcollection?user=1;article=2]


Processing CollectionsController#index (for 127.0.0.1 at 2009-10-09 01:46:00) [GET]
  Parameters: {"article"=>"2", "user"=>"1"}
  [4;35;1mUser Load (0.6ms)[0m   [0mSELECT * FROM "users" WHERE ("users"."id" = 1) [0m
  [4;36;1mArticle Load (0.2ms)[0m   [0;1mSELECT * FROM "articles" WHERE ("articles"."id" = 2) [0m
  [4;35;1mArticle Load (1.8ms)[0m   [0mSELECT * FROM "articles" INNER JOIN "articles_users" ON "articles".id = "articles_users".article_id WHERE ("articles_users".user_id = 1 ) [0m
Rendering collections/index
Completed in 38ms (View: 3, DB: 3) | 200 OK [http://localhost/createcollection?user=1;article=2]


Processing CollectionsController#index (for 127.0.0.1 at 2009-10-09 01:46:02) [GET]
  Parameters: {"article"=>"2", "user"=>"1"}
  [4;36;1mUser Load (0.6ms)[0m   [0;1mSELECT * FROM "users" WHERE ("users"."id" = 1) [0m
  [4;35;1mArticle Load (0.8ms)[0m   [0mSELECT * FROM "articles" WHERE ("articles"."id" = 2) [0m
  [4;36;1mArticle Load (0.7ms)[0m   [0;1mSELECT * FROM "articles" INNER JOIN "articles_users" ON "articles".id = "articles_users".article_id WHERE ("articles_users".user_id = 1 ) [0m
Rendering collections/index
Completed in 38ms (View: 4, DB: 2) | 200 OK [http://localhost/createcollection?user=1;article=2]


Processing CollectionsController#getclothes (for 127.0.0.1 at 2009-10-09 01:51:56) [GET]
  Parameters: {"id"=>"2"}

ActionView::MissingTemplate (Missing template collections/getclothes.erb in view path app/views):
  

Rendering rescues/layout (internal_server_error)


Processing CollectionsController#getclothes (for 127.0.0.1 at 2009-10-09 01:53:54) [GET]
  Parameters: {"id"=>"2"}

ActiveRecord::RecordNotFound (Couldn't find User without an ID):
  app/controllers/collections_controller.rb:23:in `getclothes'

Rendered rescues/_trace (84.5ms)
Rendered rescues/_request_and_response (3.9ms)
Rendering rescues/layout (not_found)


Processing CollectionsController#getclothes (for 127.0.0.1 at 2009-10-09 01:54:08) [GET]
  Parameters: {"id"=>"2", "user"=>"1"}
  [4;36;1mUser Load (0.7ms)[0m   [0;1mSELECT * FROM "users" WHERE ("users"."id" = 1) [0m
  [4;35;1mArticle Load (1.0ms)[0m   [0mSELECT * FROM "articles" INNER JOIN "articles_users" ON "articles".id = "articles_users".article_id WHERE ("articles_users".user_id = 1 ) [0m
Completed in 383ms (View: 330, DB: 2) | 200 OK [http://localhost/user/2/getclothes?user=1]


Processing CollectionsController#getclothes (for 127.0.0.1 at 2009-10-09 02:02:00) [GET]
  Parameters: {"user"=>"2"}
  [4;36;1mUser Load (0.6ms)[0m   [0;1mSELECT * FROM "users" WHERE ("users"."id" = 2) [0m
  [4;35;1mArticle Load (0.4ms)[0m   [0mSELECT * FROM "articles" INNER JOIN "articles_users" ON "articles".id = "articles_users".article_id WHERE ("articles_users".user_id = 2 ) [0m
Completed in 31ms (View: 5, DB: 1) | 200 OK [http://localhost/user/2/getclothes]


Processing CollectionsController#getclothes (for 127.0.0.1 at 2009-10-09 02:02:02) [GET]
  Parameters: {"user"=>"2"}
  [4;36;1mUser Load (0.7ms)[0m   [0;1mSELECT * FROM "users" WHERE ("users"."id" = 2) [0m
  [4;35;1mArticle Load (0.4ms)[0m   [0mSELECT * FROM "articles" INNER JOIN "articles_users" ON "articles".id = "articles_users".article_id WHERE ("articles_users".user_id = 2 ) [0m
Completed in 30ms (View: 5, DB: 1) | 200 OK [http://localhost/user/2/getclothes]


Processing CollectionsController#getclothes (for 127.0.0.1 at 2009-10-09 02:02:04) [GET]
  Parameters: {"user"=>"1"}
  [4;36;1mUser Load (0.5ms)[0m   [0;1mSELECT * FROM "users" WHERE ("users"."id" = 1) [0m
  [4;35;1mArticle Load (1.0ms)[0m   [0mSELECT * FROM "articles" INNER JOIN "articles_users" ON "articles".id = "articles_users".article_id WHERE ("articles_users".user_id = 1 ) [0m
Completed in 38ms (View: 13, DB: 2) | 200 OK [http://localhost/user/1/getclothes]
